This file contains any messages produced by compilers while
running configure, to aid debugging if configure makes a mistake.

It was created by sqlcipher configure 3.44.2, which was
generated by GNU Autoconf 2.71.  Invocation command line was

  $ ../../sqlcipher/configure

## --------- ##
## Platform. ##
## --------- ##

hostname = OscarsMacStudio.fritz.box
uname -m = arm64
uname -r = 23.4.0
uname -s = Darwin
uname -v = Darwin Kernel Version 23.4.0: Fri Mar 15 00:12:49 PDT 2024; root:xnu-10063.101.17~1/RELEASE_ARM64_T6020

/usr/bin/uname -p = arm
/bin/uname -X     = unknown

/bin/arch              = unknown
/usr/bin/arch -k       = unknown
/usr/convex/getsysinfo = unknown
/usr/bin/hostinfo      = Mach kernel version:
	 Darwin Kernel Version 23.4.0: Fri Mar 15 00:12:49 PDT 2024; root:xnu-10063.101.17~1/RELEASE_ARM64_T6020
Kernel configured for up to 12 processors.
12 processors are physically available.
12 processors are logically available.
Processor type: arm64e (ARM64E)
Processors active: 0 1 2 3 4 5 6 7 8 9 10 11
Primary memory available: 32.00 gigabytes
Default processor set: 1031 tasks, 5219 threads, 12 processors
Load average: 1.39, Mach factor: 10.59
/bin/machine           = unknown
/usr/bin/oslevel       = unknown
/bin/universe          = unknown

PATH: /Users/osp/bin/
PATH: /Users/osp/.nvm/versions/node/v18.20.2/bin/
PATH: /Users/osp/.rbenv/shims/
PATH: /Users/osp/.rbenv/bin/
PATH: /opt/homebrew/bin/
PATH: /opt/homebrew/sbin/
PATH: /usr/local/bin/
PATH: /System/Cryptexes/App/usr/bin/
PATH: /usr/bin/
PATH: /bin/
PATH: /usr/sbin/
PATH: /sbin/
PATH: /var/run/com.apple.security.cryptexd/codex.system/bootstrap/usr/local/bin/
PATH: /var/run/com.apple.security.cryptexd/codex.system/bootstrap/usr/bin/
PATH: /var/run/com.apple.security.cryptexd/codex.system/bootstrap/usr/appleinternal/bin/
PATH: /Library/Apple/usr/bin/
PATH: /Users/osp/bin/
PATH: /Users/osp/.nvm/versions/node/v18.20.2/bin/
PATH: /Users/osp/.rbenv/shims/
PATH: /Users/osp/.rbenv/bin/
PATH: /opt/homebrew/bin/
PATH: /opt/homebrew/sbin/
PATH: /Users/osp/.cargo/bin/
PATH: /Applications/iTerm.app/Contents/Resources/utilities/
PATH: /Users/osp/Library/Android/sdk/emulator/
PATH: /Users/osp/Library/Android/sdk/platform-tools/
PATH: /Users/osp/Library/Android/sdk/emulator/
PATH: /Users/osp/Library/Android/sdk/platform-tools/
PATH: /Users/osp/.cargo/bin/


## ----------- ##
## Core tests. ##
## ----------- ##

configure:2468: looking for aux files: install-sh config.guess config.sub ltmain.sh
configure:2481:  trying ../../sqlcipher/
configure:2492:   ../../sqlcipher/install-sh found
configure:2510:   ../../sqlcipher/config.guess found
configure:2510:   ../../sqlcipher/config.sub found
configure:2510:   ../../sqlcipher/ltmain.sh found
configure:2667: checking build system type
configure:2682: result: arm-apple-darwin23.4.0
configure:2702: checking host system type
configure:2716: result: arm-apple-darwin23.4.0
configure:2757: checking how to print strings
configure:2784: result: printf
configure:2867: checking for gcc
configure:2888: found /usr/bin/gcc
configure:2899: result: gcc
configure:3252: checking for C compiler version
configure:3261: gcc --version >&5
Apple clang version 15.0.0 (clang-1500.3.9.4)
Target: arm64-apple-darwin23.4.0
Thread model: posix
InstalledDir: /Applications/Xcode.app/Contents/Developer/Toolchains/XcodeDefault.xctoolchain/usr/bin
configure:3272: $? = 0
configure:3261: gcc -v >&5
Apple clang version 15.0.0 (clang-1500.3.9.4)
Target: arm64-apple-darwin23.4.0
Thread model: posix
InstalledDir: /Applications/Xcode.app/Contents/Developer/Toolchains/XcodeDefault.xctoolchain/usr/bin
configure:3272: $? = 0
configure:3261: gcc -V >&5
clang: error: argument to '-V' is missing (expected 1 value)
clang: error: no input files
configure:3272: $? = 1
configure:3261: gcc -qversion >&5
clang: error: unknown argument '-qversion'; did you mean '--version'?
clang: error: no input files
configure:3272: $? = 1
configure:3261: gcc -version >&5
clang: error: unknown argument '-version'; did you mean '--version'?
clang: error: no input files
configure:3272: $? = 1
configure:3292: checking whether the C compiler works
configure:3314: gcc    conftest.c  >&5
configure:3318: $? = 0
configure:3368: result: yes
configure:3371: checking for C compiler default output file name
configure:3373: result: a.out
configure:3379: checking for suffix of executables
configure:3386: gcc -o conftest    conftest.c  >&5
configure:3390: $? = 0
configure:3413: result: 
configure:3435: checking whether we are cross compiling
configure:3443: gcc -o conftest    conftest.c  >&5
configure:3447: $? = 0
configure:3454: ./conftest
configure:3458: $? = 0
configure:3473: result: no
configure:3478: checking for suffix of object files
configure:3501: gcc -c   conftest.c >&5
configure:3505: $? = 0
configure:3527: result: o
configure:3531: checking whether the compiler supports GNU C
configure:3551: gcc -c   conftest.c >&5
configure:3551: $? = 0
configure:3561: result: yes
configure:3572: checking whether gcc accepts -g
configure:3593: gcc -c -g  conftest.c >&5
configure:3593: $? = 0
configure:3637: result: yes
configure:3657: checking for gcc option to enable C11 features
configure:3672: gcc  -c -g -O2  conftest.c >&5
conftest.c:23:14: warning: a function definition without a prototype is deprecated in all versions of C and is not supported in C2x [-Wdeprecated-non-prototype]
static char *e (p, i)
             ^
1 warning generated.
configure:3672: $? = 0
configure:3690: result: none needed
configure:3800: checking for a sed that does not truncate output
configure:3870: result: /usr/bin/sed
configure:3888: checking for grep that handles long lines and -e
configure:3952: result: /usr/bin/grep
configure:3957: checking for egrep
configure:4025: result: /usr/bin/grep -E
configure:4030: checking for fgrep
configure:4098: result: /usr/bin/grep -F
configure:4134: checking for ld used by gcc
configure:4202: result: /Applications/Xcode.app/Contents/Developer/Toolchains/XcodeDefault.xctoolchain/usr/bin/ld
configure:4209: checking if the linker (/Applications/Xcode.app/Contents/Developer/Toolchains/XcodeDefault.xctoolchain/usr/bin/ld) is GNU ld
configure:4225: result: no
configure:4237: checking for BSD- or MS-compatible name lister (nm)
configure:4292: result: /usr/bin/nm -B
configure:4432: checking the name lister (/usr/bin/nm -B) interface
configure:4440: gcc -c -g -O2  conftest.c >&5
configure:4443: /usr/bin/nm -B "conftest.o"
configure:4446: output
0000000000000250 S _some_variable
0000000000000000 t ltmp0
0000000000000250 s ltmp1
configure:4453: result: BSD nm
configure:4456: checking whether ln -s works
configure:4460: result: yes
configure:4468: checking the maximum length of command line arguments
configure:4600: result: 786432
configure:4648: checking how to convert arm-apple-darwin23.4.0 file names to arm-apple-darwin23.4.0 format
configure:4689: result: func_convert_file_noop
configure:4696: checking how to convert arm-apple-darwin23.4.0 file names to toolchain format
configure:4717: result: func_convert_file_noop
configure:4724: checking for /Applications/Xcode.app/Contents/Developer/Toolchains/XcodeDefault.xctoolchain/usr/bin/ld option to reload object files
configure:4732: result: -r
configure:4811: checking for objdump
configure:4832: found /usr/bin/objdump
configure:4843: result: objdump
configure:4875: checking how to recognize dependent libraries
configure:5076: result: pass_all
configure:5166: checking for dlltool
configure:5201: result: no
configure:5231: checking how to associate runtime and link libraries
configure:5259: result: printf %s\n
configure:5325: checking for ar
configure:5346: found /usr/bin/ar
configure:5357: result: ar
configure:5394: checking for archiver @FILE support
configure:5412: gcc -c -g -O2  conftest.c >&5
configure:5412: $? = 0
configure:5416: ar cr libconftest.a @conftest.lst >&5
ar: @conftest.lst: No such file or directory
configure:5419: $? = 1
configure:5439: result: no
configure:5502: checking for strip
configure:5523: found /usr/bin/strip
configure:5534: result: strip
configure:5611: checking for ranlib
configure:5632: found /usr/bin/ranlib
configure:5643: result: ranlib
configure:5720: checking for gawk
configure:5755: result: no
configure:5720: checking for mawk
configure:5755: result: no
configure:5720: checking for nawk
configure:5755: result: no
configure:5720: checking for awk
configure:5741: found /usr/bin/awk
configure:5752: result: awk
configure:5792: checking command to parse /usr/bin/nm -B output from gcc object
configure:5946: gcc -c -g -O2  conftest.c >&5
configure:5949: $? = 0
configure:5953: /usr/bin/nm -B conftest.o | sed -n -e 's/^.*[	 ]\([ABCDGIRSTW][ABCDGIRSTW]*\)[	 ][	 ]*\([_A-Za-z][_A-Za-z0-9]*\)$/\1 \2 \2/p' | sed '/ __gnu_lto/d' > conftest.nm
cannot find nm_test_var in conftest.nm
configure:5946: gcc -c -g -O2  conftest.c >&5
configure:5949: $? = 0
configure:5953: /usr/bin/nm -B conftest.o | sed -n -e 's/^.*[	 ]\([ABCDGIRSTW][ABCDGIRSTW]*\)[	 ][	 ]*_\([_A-Za-z][_A-Za-z0-9]*\)$/\1 _\2 \2/p' | sed '/ __gnu_lto/d' > conftest.nm
configure:6019: gcc -o conftest -g -O2   conftest.c conftstm.o >&5
configure:6022: $? = 0
configure:6060: result: ok
configure:6107: checking for sysroot
configure:6138: result: no
configure:6145: checking for a working dd
configure:6189: result: /bin/dd
configure:6193: checking how to truncate binary pipes
configure:6209: result: /bin/dd bs=4096 count=1
configure:6546: checking for mt
configure:6581: result: no
configure:6601: checking if : is a manifest tool
configure:6608: : '-?'
configure:6616: result: no
configure:6677: checking for dsymutil
configure:6698: found /usr/bin/dsymutil
configure:6709: result: dsymutil
configure:6779: checking for nmedit
configure:6800: found /usr/bin/nmedit
configure:6811: result: nmedit
configure:6881: checking for lipo
configure:6902: found /usr/bin/lipo
configure:6913: result: lipo
configure:6983: checking for otool
configure:7004: found /usr/bin/otool
configure:7015: result: otool
configure:7085: checking for otool64
configure:7120: result: no
configure:7165: checking for -single_module linker flag
gcc -g -O2  -o libconftest.dylib -dynamiclib -Wl,-single_module conftest.c
ld: warning: -single_module is obsolete
configure:7199: result: no
configure:7202: checking for -exported_symbols_list linker flag
configure:7223: gcc -o conftest -g -O2   -Wl,-exported_symbols_list,conftest.sym conftest.c  >&5
configure:7223: $? = 0
configure:7234: result: yes
configure:7237: checking for -force_load linker flag
gcc -g -O2 -c -o conftest.o conftest.c
ar cr libconftest.a conftest.o
ranlib libconftest.a
gcc -g -O2  -o conftest conftest.c -Wl,-force_load,./libconftest.a
configure:7270: result: yes
configure:7346: checking for stdio.h
configure:7346: gcc -c -g -O2  conftest.c >&5
configure:7346: $? = 0
configure:7346: result: yes
configure:7346: checking for stdlib.h
configure:7346: gcc -c -g -O2  conftest.c >&5
configure:7346: $? = 0
configure:7346: result: yes
configure:7346: checking for string.h
configure:7346: gcc -c -g -O2  conftest.c >&5
configure:7346: $? = 0
configure:7346: result: yes
configure:7346: checking for inttypes.h
configure:7346: gcc -c -g -O2  conftest.c >&5
configure:7346: $? = 0
configure:7346: result: yes
configure:7346: checking for stdint.h
configure:7346: gcc -c -g -O2  conftest.c >&5
configure:7346: $? = 0
configure:7346: result: yes
configure:7346: checking for strings.h
configure:7346: gcc -c -g -O2  conftest.c >&5
configure:7346: $? = 0
configure:7346: result: yes
configure:7346: checking for sys/stat.h
configure:7346: gcc -c -g -O2  conftest.c >&5
configure:7346: $? = 0
configure:7346: result: yes
configure:7346: checking for sys/types.h
configure:7346: gcc -c -g -O2  conftest.c >&5
configure:7346: $? = 0
configure:7346: result: yes
configure:7346: checking for unistd.h
configure:7346: gcc -c -g -O2  conftest.c >&5
configure:7346: $? = 0
configure:7346: result: yes
configure:7371: checking for dlfcn.h
configure:7371: gcc -c -g -O2  conftest.c >&5
configure:7371: $? = 0
configure:7371: result: yes
configure:7630: checking for objdir
configure:7646: result: .libs
configure:7906: checking if gcc supports -fno-rtti -fno-exceptions
configure:7925: gcc -c -g -O2  -fno-rtti -fno-exceptions conftest.c >&5
configure:7929: $? = 0
configure:7942: result: yes
configure:8306: checking for gcc option to produce PIC
configure:8314: result: -fno-common -DPIC
configure:8322: checking if gcc PIC flag -fno-common -DPIC works
configure:8341: gcc -c -g -O2  -fno-common -DPIC -DPIC conftest.c >&5
configure:8345: $? = 0
configure:8358: result: yes
configure:8387: checking if gcc static flag -static works
configure:8416: result: no
configure:8431: checking if gcc supports -c -o file.o
configure:8453: gcc -c -g -O2  -o out/conftest2.o conftest.c >&5
configure:8457: $? = 0
configure:8479: result: yes
configure:8487: checking if gcc supports -c -o file.o
configure:8535: result: yes
configure:8568: checking whether the gcc linker (/Applications/Xcode.app/Contents/Developer/Toolchains/XcodeDefault.xctoolchain/usr/bin/ld) supports shared libraries
configure:9838: result: yes
configure:10079: checking dynamic linker characteristics
configure:10912: result: darwin23.4.0 dyld
configure:11034: checking how to hardcode library paths into programs
configure:11059: result: immediate
configure:11611: checking whether stripping libraries is possible
configure:11625: result: yes
configure:11651: checking if libtool supports shared libraries
configure:11653: result: yes
configure:11656: checking whether to build shared libraries
configure:11681: result: yes
configure:11684: checking whether to build static libraries
configure:11688: result: yes
configure:11740: checking for a BSD-compatible install
configure:11813: result: /usr/bin/install -c
configure:11836: checking for special C compiler options needed for large files
configure:11884: result: no
configure:11890: checking for _FILE_OFFSET_BITS value needed for large files
configure:11916: gcc -c -g -O2  conftest.c >&5
configure:11916: $? = 0
configure:11950: result: no
configure:12035: checking for int8_t
configure:12035: gcc -c -g -O2  conftest.c >&5
configure:12035: $? = 0
configure:12035: gcc -c -g -O2  conftest.c >&5
conftest.c:52:21: error: expected expression
if (sizeof ((int8_t)))
                    ^
1 error generated.
configure:12035: $? = 1
configure: failed program was:
| /* confdefs.h */
| #define PACKAGE_NAME "sqlcipher"
| #define PACKAGE_TARNAME "sqlcipher"
| #define PACKAGE_VERSION "3.44.2"
| #define PACKAGE_STRING "sqlcipher 3.44.2"
| #define PACKAGE_BUGREPORT ""
| #define PACKAGE_URL ""
| #define HAVE_STDIO_H 1
| #define HAVE_STDLIB_H 1
| #define HAVE_STRING_H 1
| #define HAVE_INTTYPES_H 1
| #define HAVE_STDINT_H 1
| #define HAVE_STRINGS_H 1
| #define HAVE_SYS_STAT_H 1
| #define HAVE_SYS_TYPES_H 1
| #define HAVE_UNISTD_H 1
| #define STDC_HEADERS 1
| #define HAVE_DLFCN_H 1
| #define LT_OBJDIR ".libs/"
| /* end confdefs.h.  */
| #include <stddef.h>
| #ifdef HAVE_STDIO_H
| # include <stdio.h>
| #endif
| #ifdef HAVE_STDLIB_H
| # include <stdlib.h>
| #endif
| #ifdef HAVE_STRING_H
| # include <string.h>
| #endif
| #ifdef HAVE_INTTYPES_H
| # include <inttypes.h>
| #endif
| #ifdef HAVE_STDINT_H
| # include <stdint.h>
| #endif
| #ifdef HAVE_STRINGS_H
| # include <strings.h>
| #endif
| #ifdef HAVE_SYS_TYPES_H
| # include <sys/types.h>
| #endif
| #ifdef HAVE_SYS_STAT_H
| # include <sys/stat.h>
| #endif
| #ifdef HAVE_UNISTD_H
| # include <unistd.h>
| #endif
| int
| main (void)
| {
| if (sizeof ((int8_t)))
| 	    return 0;
|   ;
|   return 0;
| }
configure:12035: result: yes
configure:12043: checking for int16_t
configure:12043: gcc -c -g -O2  conftest.c >&5
configure:12043: $? = 0
configure:12043: gcc -c -g -O2  conftest.c >&5
conftest.c:53:22: error: expected expression
if (sizeof ((int16_t)))
                     ^
1 error generated.
configure:12043: $? = 1
configure: failed program was:
| /* confdefs.h */
| #define PACKAGE_NAME "sqlcipher"
| #define PACKAGE_TARNAME "sqlcipher"
| #define PACKAGE_VERSION "3.44.2"
| #define PACKAGE_STRING "sqlcipher 3.44.2"
| #define PACKAGE_BUGREPORT ""
| #define PACKAGE_URL ""
| #define HAVE_STDIO_H 1
| #define HAVE_STDLIB_H 1
| #define HAVE_STRING_H 1
| #define HAVE_INTTYPES_H 1
| #define HAVE_STDINT_H 1
| #define HAVE_STRINGS_H 1
| #define HAVE_SYS_STAT_H 1
| #define HAVE_SYS_TYPES_H 1
| #define HAVE_UNISTD_H 1
| #define STDC_HEADERS 1
| #define HAVE_DLFCN_H 1
| #define LT_OBJDIR ".libs/"
| #define HAVE_INT8_T 1
| /* end confdefs.h.  */
| #include <stddef.h>
| #ifdef HAVE_STDIO_H
| # include <stdio.h>
| #endif
| #ifdef HAVE_STDLIB_H
| # include <stdlib.h>
| #endif
| #ifdef HAVE_STRING_H
| # include <string.h>
| #endif
| #ifdef HAVE_INTTYPES_H
| # include <inttypes.h>
| #endif
| #ifdef HAVE_STDINT_H
| # include <stdint.h>
| #endif
| #ifdef HAVE_STRINGS_H
| # include <strings.h>
| #endif
| #ifdef HAVE_SYS_TYPES_H
| # include <sys/types.h>
| #endif
| #ifdef HAVE_SYS_STAT_H
| # include <sys/stat.h>
| #endif
| #ifdef HAVE_UNISTD_H
| # include <unistd.h>
| #endif
| int
| main (void)
| {
| if (sizeof ((int16_t)))
| 	    return 0;
|   ;
|   return 0;
| }
configure:12043: result: yes
configure:12051: checking for int32_t
configure:12051: gcc -c -g -O2  conftest.c >&5
configure:12051: $? = 0
configure:12051: gcc -c -g -O2  conftest.c >&5
conftest.c:54:22: error: expected expression
if (sizeof ((int32_t)))
                     ^
1 error generated.
configure:12051: $? = 1
configure: failed program was:
| /* confdefs.h */
| #define PACKAGE_NAME "sqlcipher"
| #define PACKAGE_TARNAME "sqlcipher"
| #define PACKAGE_VERSION "3.44.2"
| #define PACKAGE_STRING "sqlcipher 3.44.2"
| #define PACKAGE_BUGREPORT ""
| #define PACKAGE_URL ""
| #define HAVE_STDIO_H 1
| #define HAVE_STDLIB_H 1
| #define HAVE_STRING_H 1
| #define HAVE_INTTYPES_H 1
| #define HAVE_STDINT_H 1
| #define HAVE_STRINGS_H 1
| #define HAVE_SYS_STAT_H 1
| #define HAVE_SYS_TYPES_H 1
| #define HAVE_UNISTD_H 1
| #define STDC_HEADERS 1
| #define HAVE_DLFCN_H 1
| #define LT_OBJDIR ".libs/"
| #define HAVE_INT8_T 1
| #define HAVE_INT16_T 1
| /* end confdefs.h.  */
| #include <stddef.h>
| #ifdef HAVE_STDIO_H
| # include <stdio.h>
| #endif
| #ifdef HAVE_STDLIB_H
| # include <stdlib.h>
| #endif
| #ifdef HAVE_STRING_H
| # include <string.h>
| #endif
| #ifdef HAVE_INTTYPES_H
| # include <inttypes.h>
| #endif
| #ifdef HAVE_STDINT_H
| # include <stdint.h>
| #endif
| #ifdef HAVE_STRINGS_H
| # include <strings.h>
| #endif
| #ifdef HAVE_SYS_TYPES_H
| # include <sys/types.h>
| #endif
| #ifdef HAVE_SYS_STAT_H
| # include <sys/stat.h>
| #endif
| #ifdef HAVE_UNISTD_H
| # include <unistd.h>
| #endif
| int
| main (void)
| {
| if (sizeof ((int32_t)))
| 	    return 0;
|   ;
|   return 0;
| }
configure:12051: result: yes
configure:12059: checking for int64_t
configure:12059: gcc -c -g -O2  conftest.c >&5
configure:12059: $? = 0
configure:12059: gcc -c -g -O2  conftest.c >&5
conftest.c:55:22: error: expected expression
if (sizeof ((int64_t)))
                     ^
1 error generated.
configure:12059: $? = 1
configure: failed program was:
| /* confdefs.h */
| #define PACKAGE_NAME "sqlcipher"
| #define PACKAGE_TARNAME "sqlcipher"
| #define PACKAGE_VERSION "3.44.2"
| #define PACKAGE_STRING "sqlcipher 3.44.2"
| #define PACKAGE_BUGREPORT ""
| #define PACKAGE_URL ""
| #define HAVE_STDIO_H 1
| #define HAVE_STDLIB_H 1
| #define HAVE_STRING_H 1
| #define HAVE_INTTYPES_H 1
| #define HAVE_STDINT_H 1
| #define HAVE_STRINGS_H 1
| #define HAVE_SYS_STAT_H 1
| #define HAVE_SYS_TYPES_H 1
| #define HAVE_UNISTD_H 1
| #define STDC_HEADERS 1
| #define HAVE_DLFCN_H 1
| #define LT_OBJDIR ".libs/"
| #define HAVE_INT8_T 1
| #define HAVE_INT16_T 1
| #define HAVE_INT32_T 1
| /* end confdefs.h.  */
| #include <stddef.h>
| #ifdef HAVE_STDIO_H
| # include <stdio.h>
| #endif
| #ifdef HAVE_STDLIB_H
| # include <stdlib.h>
| #endif
| #ifdef HAVE_STRING_H
| # include <string.h>
| #endif
| #ifdef HAVE_INTTYPES_H
| # include <inttypes.h>
| #endif
| #ifdef HAVE_STDINT_H
| # include <stdint.h>
| #endif
| #ifdef HAVE_STRINGS_H
| # include <strings.h>
| #endif
| #ifdef HAVE_SYS_TYPES_H
| # include <sys/types.h>
| #endif
| #ifdef HAVE_SYS_STAT_H
| # include <sys/stat.h>
| #endif
| #ifdef HAVE_UNISTD_H
| # include <unistd.h>
| #endif
| int
| main (void)
| {
| if (sizeof ((int64_t)))
| 	    return 0;
|   ;
|   return 0;
| }
configure:12059: result: yes
configure:12067: checking for intptr_t
configure:12067: gcc -c -g -O2  conftest.c >&5
configure:12067: $? = 0
configure:12067: gcc -c -g -O2  conftest.c >&5
conftest.c:56:23: error: expected expression
if (sizeof ((intptr_t)))
                      ^
1 error generated.
configure:12067: $? = 1
configure: failed program was:
| /* confdefs.h */
| #define PACKAGE_NAME "sqlcipher"
| #define PACKAGE_TARNAME "sqlcipher"
| #define PACKAGE_VERSION "3.44.2"
| #define PACKAGE_STRING "sqlcipher 3.44.2"
| #define PACKAGE_BUGREPORT ""
| #define PACKAGE_URL ""
| #define HAVE_STDIO_H 1
| #define HAVE_STDLIB_H 1
| #define HAVE_STRING_H 1
| #define HAVE_INTTYPES_H 1
| #define HAVE_STDINT_H 1
| #define HAVE_STRINGS_H 1
| #define HAVE_SYS_STAT_H 1
| #define HAVE_SYS_TYPES_H 1
| #define HAVE_UNISTD_H 1
| #define STDC_HEADERS 1
| #define HAVE_DLFCN_H 1
| #define LT_OBJDIR ".libs/"
| #define HAVE_INT8_T 1
| #define HAVE_INT16_T 1
| #define HAVE_INT32_T 1
| #define HAVE_INT64_T 1
| /* end confdefs.h.  */
| #include <stddef.h>
| #ifdef HAVE_STDIO_H
| # include <stdio.h>
| #endif
| #ifdef HAVE_STDLIB_H
| # include <stdlib.h>
| #endif
| #ifdef HAVE_STRING_H
| # include <string.h>
| #endif
| #ifdef HAVE_INTTYPES_H
| # include <inttypes.h>
| #endif
| #ifdef HAVE_STDINT_H
| # include <stdint.h>
| #endif
| #ifdef HAVE_STRINGS_H
| # include <strings.h>
| #endif
| #ifdef HAVE_SYS_TYPES_H
| # include <sys/types.h>
| #endif
| #ifdef HAVE_SYS_STAT_H
| # include <sys/stat.h>
| #endif
| #ifdef HAVE_UNISTD_H
| # include <unistd.h>
| #endif
| int
| main (void)
| {
| if (sizeof ((intptr_t)))
| 	    return 0;
|   ;
|   return 0;
| }
configure:12067: result: yes
configure:12075: checking for uint8_t
configure:12075: gcc -c -g -O2  conftest.c >&5
configure:12075: $? = 0
configure:12075: gcc -c -g -O2  conftest.c >&5
conftest.c:57:22: error: expected expression
if (sizeof ((uint8_t)))
                     ^
1 error generated.
configure:12075: $? = 1
configure: failed program was:
| /* confdefs.h */
| #define PACKAGE_NAME "sqlcipher"
| #define PACKAGE_TARNAME "sqlcipher"
| #define PACKAGE_VERSION "3.44.2"
| #define PACKAGE_STRING "sqlcipher 3.44.2"
| #define PACKAGE_BUGREPORT ""
| #define PACKAGE_URL ""
| #define HAVE_STDIO_H 1
| #define HAVE_STDLIB_H 1
| #define HAVE_STRING_H 1
| #define HAVE_INTTYPES_H 1
| #define HAVE_STDINT_H 1
| #define HAVE_STRINGS_H 1
| #define HAVE_SYS_STAT_H 1
| #define HAVE_SYS_TYPES_H 1
| #define HAVE_UNISTD_H 1
| #define STDC_HEADERS 1
| #define HAVE_DLFCN_H 1
| #define LT_OBJDIR ".libs/"
| #define HAVE_INT8_T 1
| #define HAVE_INT16_T 1
| #define HAVE_INT32_T 1
| #define HAVE_INT64_T 1
| #define HAVE_INTPTR_T 1
| /* end confdefs.h.  */
| #include <stddef.h>
| #ifdef HAVE_STDIO_H
| # include <stdio.h>
| #endif
| #ifdef HAVE_STDLIB_H
| # include <stdlib.h>
| #endif
| #ifdef HAVE_STRING_H
| # include <string.h>
| #endif
| #ifdef HAVE_INTTYPES_H
| # include <inttypes.h>
| #endif
| #ifdef HAVE_STDINT_H
| # include <stdint.h>
| #endif
| #ifdef HAVE_STRINGS_H
| # include <strings.h>
| #endif
| #ifdef HAVE_SYS_TYPES_H
| # include <sys/types.h>
| #endif
| #ifdef HAVE_SYS_STAT_H
| # include <sys/stat.h>
| #endif
| #ifdef HAVE_UNISTD_H
| # include <unistd.h>
| #endif
| int
| main (void)
| {
| if (sizeof ((uint8_t)))
| 	    return 0;
|   ;
|   return 0;
| }
configure:12075: result: yes
configure:12083: checking for uint16_t
configure:12083: gcc -c -g -O2  conftest.c >&5
configure:12083: $? = 0
configure:12083: gcc -c -g -O2  conftest.c >&5
conftest.c:58:23: error: expected expression
if (sizeof ((uint16_t)))
                      ^
1 error generated.
configure:12083: $? = 1
configure: failed program was:
| /* confdefs.h */
| #define PACKAGE_NAME "sqlcipher"
| #define PACKAGE_TARNAME "sqlcipher"
| #define PACKAGE_VERSION "3.44.2"
| #define PACKAGE_STRING "sqlcipher 3.44.2"
| #define PACKAGE_BUGREPORT ""
| #define PACKAGE_URL ""
| #define HAVE_STDIO_H 1
| #define HAVE_STDLIB_H 1
| #define HAVE_STRING_H 1
| #define HAVE_INTTYPES_H 1
| #define HAVE_STDINT_H 1
| #define HAVE_STRINGS_H 1
| #define HAVE_SYS_STAT_H 1
| #define HAVE_SYS_TYPES_H 1
| #define HAVE_UNISTD_H 1
| #define STDC_HEADERS 1
| #define HAVE_DLFCN_H 1
| #define LT_OBJDIR ".libs/"
| #define HAVE_INT8_T 1
| #define HAVE_INT16_T 1
| #define HAVE_INT32_T 1
| #define HAVE_INT64_T 1
| #define HAVE_INTPTR_T 1
| #define HAVE_UINT8_T 1
| /* end confdefs.h.  */
| #include <stddef.h>
| #ifdef HAVE_STDIO_H
| # include <stdio.h>
| #endif
| #ifdef HAVE_STDLIB_H
| # include <stdlib.h>
| #endif
| #ifdef HAVE_STRING_H
| # include <string.h>
| #endif
| #ifdef HAVE_INTTYPES_H
| # include <inttypes.h>
| #endif
| #ifdef HAVE_STDINT_H
| # include <stdint.h>
| #endif
| #ifdef HAVE_STRINGS_H
| # include <strings.h>
| #endif
| #ifdef HAVE_SYS_TYPES_H
| # include <sys/types.h>
| #endif
| #ifdef HAVE_SYS_STAT_H
| # include <sys/stat.h>
| #endif
| #ifdef HAVE_UNISTD_H
| # include <unistd.h>
| #endif
| int
| main (void)
| {
| if (sizeof ((uint16_t)))
| 	    return 0;
|   ;
|   return 0;
| }
configure:12083: result: yes
configure:12091: checking for uint32_t
configure:12091: gcc -c -g -O2  conftest.c >&5
configure:12091: $? = 0
configure:12091: gcc -c -g -O2  conftest.c >&5
conftest.c:59:23: error: expected expression
if (sizeof ((uint32_t)))
                      ^
1 error generated.
configure:12091: $? = 1
configure: failed program was:
| /* confdefs.h */
| #define PACKAGE_NAME "sqlcipher"
| #define PACKAGE_TARNAME "sqlcipher"
| #define PACKAGE_VERSION "3.44.2"
| #define PACKAGE_STRING "sqlcipher 3.44.2"
| #define PACKAGE_BUGREPORT ""
| #define PACKAGE_URL ""
| #define HAVE_STDIO_H 1
| #define HAVE_STDLIB_H 1
| #define HAVE_STRING_H 1
| #define HAVE_INTTYPES_H 1
| #define HAVE_STDINT_H 1
| #define HAVE_STRINGS_H 1
| #define HAVE_SYS_STAT_H 1
| #define HAVE_SYS_TYPES_H 1
| #define HAVE_UNISTD_H 1
| #define STDC_HEADERS 1
| #define HAVE_DLFCN_H 1
| #define LT_OBJDIR ".libs/"
| #define HAVE_INT8_T 1
| #define HAVE_INT16_T 1
| #define HAVE_INT32_T 1
| #define HAVE_INT64_T 1
| #define HAVE_INTPTR_T 1
| #define HAVE_UINT8_T 1
| #define HAVE_UINT16_T 1
| /* end confdefs.h.  */
| #include <stddef.h>
| #ifdef HAVE_STDIO_H
| # include <stdio.h>
| #endif
| #ifdef HAVE_STDLIB_H
| # include <stdlib.h>
| #endif
| #ifdef HAVE_STRING_H
| # include <string.h>
| #endif
| #ifdef HAVE_INTTYPES_H
| # include <inttypes.h>
| #endif
| #ifdef HAVE_STDINT_H
| # include <stdint.h>
| #endif
| #ifdef HAVE_STRINGS_H
| # include <strings.h>
| #endif
| #ifdef HAVE_SYS_TYPES_H
| # include <sys/types.h>
| #endif
| #ifdef HAVE_SYS_STAT_H
| # include <sys/stat.h>
| #endif
| #ifdef HAVE_UNISTD_H
| # include <unistd.h>
| #endif
| int
| main (void)
| {
| if (sizeof ((uint32_t)))
| 	    return 0;
|   ;
|   return 0;
| }
configure:12091: result: yes
configure:12099: checking for uint64_t
configure:12099: gcc -c -g -O2  conftest.c >&5
configure:12099: $? = 0
configure:12099: gcc -c -g -O2  conftest.c >&5
conftest.c:60:23: error: expected expression
if (sizeof ((uint64_t)))
                      ^
1 error generated.
configure:12099: $? = 1
configure: failed program was:
| /* confdefs.h */
| #define PACKAGE_NAME "sqlcipher"
| #define PACKAGE_TARNAME "sqlcipher"
| #define PACKAGE_VERSION "3.44.2"
| #define PACKAGE_STRING "sqlcipher 3.44.2"
| #define PACKAGE_BUGREPORT ""
| #define PACKAGE_URL ""
| #define HAVE_STDIO_H 1
| #define HAVE_STDLIB_H 1
| #define HAVE_STRING_H 1
| #define HAVE_INTTYPES_H 1
| #define HAVE_STDINT_H 1
| #define HAVE_STRINGS_H 1
| #define HAVE_SYS_STAT_H 1
| #define HAVE_SYS_TYPES_H 1
| #define HAVE_UNISTD_H 1
| #define STDC_HEADERS 1
| #define HAVE_DLFCN_H 1
| #define LT_OBJDIR ".libs/"
| #define HAVE_INT8_T 1
| #define HAVE_INT16_T 1
| #define HAVE_INT32_T 1
| #define HAVE_INT64_T 1
| #define HAVE_INTPTR_T 1
| #define HAVE_UINT8_T 1
| #define HAVE_UINT16_T 1
| #define HAVE_UINT32_T 1
| /* end confdefs.h.  */
| #include <stddef.h>
| #ifdef HAVE_STDIO_H
| # include <stdio.h>
| #endif
| #ifdef HAVE_STDLIB_H
| # include <stdlib.h>
| #endif
| #ifdef HAVE_STRING_H
| # include <string.h>
| #endif
| #ifdef HAVE_INTTYPES_H
| # include <inttypes.h>
| #endif
| #ifdef HAVE_STDINT_H
| # include <stdint.h>
| #endif
| #ifdef HAVE_STRINGS_H
| # include <strings.h>
| #endif
| #ifdef HAVE_SYS_TYPES_H
| # include <sys/types.h>
| #endif
| #ifdef HAVE_SYS_STAT_H
| # include <sys/stat.h>
| #endif
| #ifdef HAVE_UNISTD_H
| # include <unistd.h>
| #endif
| int
| main (void)
| {
| if (sizeof ((uint64_t)))
| 	    return 0;
|   ;
|   return 0;
| }
configure:12099: result: yes
configure:12107: checking for uintptr_t
configure:12107: gcc -c -g -O2  conftest.c >&5
configure:12107: $? = 0
configure:12107: gcc -c -g -O2  conftest.c >&5
conftest.c:61:24: error: expected expression
if (sizeof ((uintptr_t)))
                       ^
1 error generated.
configure:12107: $? = 1
configure: failed program was:
| /* confdefs.h */
| #define PACKAGE_NAME "sqlcipher"
| #define PACKAGE_TARNAME "sqlcipher"
| #define PACKAGE_VERSION "3.44.2"
| #define PACKAGE_STRING "sqlcipher 3.44.2"
| #define PACKAGE_BUGREPORT ""
| #define PACKAGE_URL ""
| #define HAVE_STDIO_H 1
| #define HAVE_STDLIB_H 1
| #define HAVE_STRING_H 1
| #define HAVE_INTTYPES_H 1
| #define HAVE_STDINT_H 1
| #define HAVE_STRINGS_H 1
| #define HAVE_SYS_STAT_H 1
| #define HAVE_SYS_TYPES_H 1
| #define HAVE_UNISTD_H 1
| #define STDC_HEADERS 1
| #define HAVE_DLFCN_H 1
| #define LT_OBJDIR ".libs/"
| #define HAVE_INT8_T 1
| #define HAVE_INT16_T 1
| #define HAVE_INT32_T 1
| #define HAVE_INT64_T 1
| #define HAVE_INTPTR_T 1
| #define HAVE_UINT8_T 1
| #define HAVE_UINT16_T 1
| #define HAVE_UINT32_T 1
| #define HAVE_UINT64_T 1
| /* end confdefs.h.  */
| #include <stddef.h>
| #ifdef HAVE_STDIO_H
| # include <stdio.h>
| #endif
| #ifdef HAVE_STDLIB_H
| # include <stdlib.h>
| #endif
| #ifdef HAVE_STRING_H
| # include <string.h>
| #endif
| #ifdef HAVE_INTTYPES_H
| # include <inttypes.h>
| #endif
| #ifdef HAVE_STDINT_H
| # include <stdint.h>
| #endif
| #ifdef HAVE_STRINGS_H
| # include <strings.h>
| #endif
| #ifdef HAVE_SYS_TYPES_H
| # include <sys/types.h>
| #endif
| #ifdef HAVE_SYS_STAT_H
| # include <sys/stat.h>
| #endif
| #ifdef HAVE_UNISTD_H
| # include <unistd.h>
| #endif
| int
| main (void)
| {
| if (sizeof ((uintptr_t)))
| 	    return 0;
|   ;
|   return 0;
| }
configure:12107: result: yes
configure:12119: checking for sys/types.h
configure:12119: result: yes
configure:12125: checking for stdlib.h
configure:12125: result: yes
configure:12131: checking for stdint.h
configure:12131: result: yes
configure:12137: checking for inttypes.h
configure:12137: result: yes
configure:12143: checking for malloc.h
configure:12143: gcc -c -g -O2  conftest.c >&5
conftest.c:63:10: fatal error: 'malloc.h' file not found
#include <malloc.h>
         ^~~~~~~~~~
1 error generated.
configure:12143: $? = 1
configure: failed program was:
| /* confdefs.h */
| #define PACKAGE_NAME "sqlcipher"
| #define PACKAGE_TARNAME "sqlcipher"
| #define PACKAGE_VERSION "3.44.2"
| #define PACKAGE_STRING "sqlcipher 3.44.2"
| #define PACKAGE_BUGREPORT ""
| #define PACKAGE_URL ""
| #define HAVE_STDIO_H 1
| #define HAVE_STDLIB_H 1
| #define HAVE_STRING_H 1
| #define HAVE_INTTYPES_H 1
| #define HAVE_STDINT_H 1
| #define HAVE_STRINGS_H 1
| #define HAVE_SYS_STAT_H 1
| #define HAVE_SYS_TYPES_H 1
| #define HAVE_UNISTD_H 1
| #define STDC_HEADERS 1
| #define HAVE_DLFCN_H 1
| #define LT_OBJDIR ".libs/"
| #define HAVE_INT8_T 1
| #define HAVE_INT16_T 1
| #define HAVE_INT32_T 1
| #define HAVE_INT64_T 1
| #define HAVE_INTPTR_T 1
| #define HAVE_UINT8_T 1
| #define HAVE_UINT16_T 1
| #define HAVE_UINT32_T 1
| #define HAVE_UINT64_T 1
| #define HAVE_UINTPTR_T 1
| #define HAVE_SYS_TYPES_H 1
| #define HAVE_STDLIB_H 1
| #define HAVE_STDINT_H 1
| #define HAVE_INTTYPES_H 1
| /* end confdefs.h.  */
| #include <stddef.h>
| #ifdef HAVE_STDIO_H
| # include <stdio.h>
| #endif
| #ifdef HAVE_STDLIB_H
| # include <stdlib.h>
| #endif
| #ifdef HAVE_STRING_H
| # include <string.h>
| #endif
| #ifdef HAVE_INTTYPES_H
| # include <inttypes.h>
| #endif
| #ifdef HAVE_STDINT_H
| # include <stdint.h>
| #endif
| #ifdef HAVE_STRINGS_H
| # include <strings.h>
| #endif
| #ifdef HAVE_SYS_TYPES_H
| # include <sys/types.h>
| #endif
| #ifdef HAVE_SYS_STAT_H
| # include <sys/stat.h>
| #endif
| #ifdef HAVE_UNISTD_H
| # include <unistd.h>
| #endif
| #include <malloc.h>
configure:12143: result: no
configure:12154: checking for fdatasync
configure:12154: gcc -o conftest -g -O2   conftest.c  >&5
configure:12154: $? = 0
configure:12154: result: yes
configure:12160: checking for gmtime_r
configure:12160: gcc -o conftest -g -O2   conftest.c  >&5
configure:12160: $? = 0
configure:12160: result: yes
configure:12166: checking for isnan
configure:12166: gcc -o conftest -g -O2   conftest.c  >&5
configure:12166: $? = 0
configure:12166: result: yes
configure:12172: checking for localtime_r
configure:12172: gcc -o conftest -g -O2   conftest.c  >&5
configure:12172: $? = 0
configure:12172: result: yes
configure:12178: checking for localtime_s
configure:12178: gcc -o conftest -g -O2   conftest.c  >&5
Undefined symbols for architecture arm64:
  "_localtime_s", referenced from:
      _main in conftest-90f99b.o
ld: symbol(s) not found for architecture arm64
clang: error: linker command failed with exit code 1 (use -v to see invocation)
configure:12178: $? = 1
configure: failed program was:
| /* confdefs.h */
| #define PACKAGE_NAME "sqlcipher"
| #define PACKAGE_TARNAME "sqlcipher"
| #define PACKAGE_VERSION "3.44.2"
| #define PACKAGE_STRING "sqlcipher 3.44.2"
| #define PACKAGE_BUGREPORT ""
| #define PACKAGE_URL ""
| #define HAVE_STDIO_H 1
| #define HAVE_STDLIB_H 1
| #define HAVE_STRING_H 1
| #define HAVE_INTTYPES_H 1
| #define HAVE_STDINT_H 1
| #define HAVE_STRINGS_H 1
| #define HAVE_SYS_STAT_H 1
| #define HAVE_SYS_TYPES_H 1
| #define HAVE_UNISTD_H 1
| #define STDC_HEADERS 1
| #define HAVE_DLFCN_H 1
| #define LT_OBJDIR ".libs/"
| #define HAVE_INT8_T 1
| #define HAVE_INT16_T 1
| #define HAVE_INT32_T 1
| #define HAVE_INT64_T 1
| #define HAVE_INTPTR_T 1
| #define HAVE_UINT8_T 1
| #define HAVE_UINT16_T 1
| #define HAVE_UINT32_T 1
| #define HAVE_UINT64_T 1
| #define HAVE_UINTPTR_T 1
| #define HAVE_SYS_TYPES_H 1
| #define HAVE_STDLIB_H 1
| #define HAVE_STDINT_H 1
| #define HAVE_INTTYPES_H 1
| #define HAVE_FDATASYNC 1
| #define HAVE_GMTIME_R 1
| #define HAVE_ISNAN 1
| #define HAVE_LOCALTIME_R 1
| /* end confdefs.h.  */
| /* Define localtime_s to an innocuous variant, in case <limits.h> declares localtime_s.
|    For example, HP-UX 11i <limits.h> declares gettimeofday.  */
| #define localtime_s innocuous_localtime_s
| 
| /* System header to define __stub macros and hopefully few prototypes,
|    which can conflict with char localtime_s (); below.  */
| 
| #include <limits.h>
| #undef localtime_s
| 
| /* Override any GCC internal prototype to avoid an error.
|    Use char because int might match the return type of a GCC
|    builtin and then its argument prototype would still apply.  */
| #ifdef __cplusplus
| extern "C"
| #endif
| char localtime_s ();
| /* The GNU C library defines this for functions which it implements
|     to always fail with ENOSYS.  Some functions are actually named
|     something starting with __ and the normal name is an alias.  */
| #if defined __stub_localtime_s || defined __stub___localtime_s
| choke me
| #endif
| 
| int
| main (void)
| {
| return localtime_s ();
|   ;
|   return 0;
| }
configure:12178: result: no
configure:12184: checking for malloc_usable_size
configure:12184: gcc -o conftest -g -O2   conftest.c  >&5
Undefined symbols for architecture arm64:
  "_malloc_usable_size", referenced from:
      _main in conftest-3b94fa.o
ld: symbol(s) not found for architecture arm64
clang: error: linker command failed with exit code 1 (use -v to see invocation)
configure:12184: $? = 1
configure: failed program was:
| /* confdefs.h */
| #define PACKAGE_NAME "sqlcipher"
| #define PACKAGE_TARNAME "sqlcipher"
| #define PACKAGE_VERSION "3.44.2"
| #define PACKAGE_STRING "sqlcipher 3.44.2"
| #define PACKAGE_BUGREPORT ""
| #define PACKAGE_URL ""
| #define HAVE_STDIO_H 1
| #define HAVE_STDLIB_H 1
| #define HAVE_STRING_H 1
| #define HAVE_INTTYPES_H 1
| #define HAVE_STDINT_H 1
| #define HAVE_STRINGS_H 1
| #define HAVE_SYS_STAT_H 1
| #define HAVE_SYS_TYPES_H 1
| #define HAVE_UNISTD_H 1
| #define STDC_HEADERS 1
| #define HAVE_DLFCN_H 1
| #define LT_OBJDIR ".libs/"
| #define HAVE_INT8_T 1
| #define HAVE_INT16_T 1
| #define HAVE_INT32_T 1
| #define HAVE_INT64_T 1
| #define HAVE_INTPTR_T 1
| #define HAVE_UINT8_T 1
| #define HAVE_UINT16_T 1
| #define HAVE_UINT32_T 1
| #define HAVE_UINT64_T 1
| #define HAVE_UINTPTR_T 1
| #define HAVE_SYS_TYPES_H 1
| #define HAVE_STDLIB_H 1
| #define HAVE_STDINT_H 1
| #define HAVE_INTTYPES_H 1
| #define HAVE_FDATASYNC 1
| #define HAVE_GMTIME_R 1
| #define HAVE_ISNAN 1
| #define HAVE_LOCALTIME_R 1
| /* end confdefs.h.  */
| /* Define malloc_usable_size to an innocuous variant, in case <limits.h> declares malloc_usable_size.
|    For example, HP-UX 11i <limits.h> declares gettimeofday.  */
| #define malloc_usable_size innocuous_malloc_usable_size
| 
| /* System header to define __stub macros and hopefully few prototypes,
|    which can conflict with char malloc_usable_size (); below.  */
| 
| #include <limits.h>
| #undef malloc_usable_size
| 
| /* Override any GCC internal prototype to avoid an error.
|    Use char because int might match the return type of a GCC
|    builtin and then its argument prototype would still apply.  */
| #ifdef __cplusplus
| extern "C"
| #endif
| char malloc_usable_size ();
| /* The GNU C library defines this for functions which it implements
|     to always fail with ENOSYS.  Some functions are actually named
|     something starting with __ and the normal name is an alias.  */
| #if defined __stub_malloc_usable_size || defined __stub___malloc_usable_size
| choke me
| #endif
| 
| int
| main (void)
| {
| return malloc_usable_size ();
|   ;
|   return 0;
| }
configure:12184: result: no
configure:12190: checking for strchrnul
configure:12190: gcc -o conftest -g -O2   conftest.c  >&5
Undefined symbols for architecture arm64:
  "_strchrnul", referenced from:
      _main in conftest-396826.o
ld: symbol(s) not found for architecture arm64
clang: error: linker command failed with exit code 1 (use -v to see invocation)
configure:12190: $? = 1
configure: failed program was:
| /* confdefs.h */
| #define PACKAGE_NAME "sqlcipher"
| #define PACKAGE_TARNAME "sqlcipher"
| #define PACKAGE_VERSION "3.44.2"
| #define PACKAGE_STRING "sqlcipher 3.44.2"
| #define PACKAGE_BUGREPORT ""
| #define PACKAGE_URL ""
| #define HAVE_STDIO_H 1
| #define HAVE_STDLIB_H 1
| #define HAVE_STRING_H 1
| #define HAVE_INTTYPES_H 1
| #define HAVE_STDINT_H 1
| #define HAVE_STRINGS_H 1
| #define HAVE_SYS_STAT_H 1
| #define HAVE_SYS_TYPES_H 1
| #define HAVE_UNISTD_H 1
| #define STDC_HEADERS 1
| #define HAVE_DLFCN_H 1
| #define LT_OBJDIR ".libs/"
| #define HAVE_INT8_T 1
| #define HAVE_INT16_T 1
| #define HAVE_INT32_T 1
| #define HAVE_INT64_T 1
| #define HAVE_INTPTR_T 1
| #define HAVE_UINT8_T 1
| #define HAVE_UINT16_T 1
| #define HAVE_UINT32_T 1
| #define HAVE_UINT64_T 1
| #define HAVE_UINTPTR_T 1
| #define HAVE_SYS_TYPES_H 1
| #define HAVE_STDLIB_H 1
| #define HAVE_STDINT_H 1
| #define HAVE_INTTYPES_H 1
| #define HAVE_FDATASYNC 1
| #define HAVE_GMTIME_R 1
| #define HAVE_ISNAN 1
| #define HAVE_LOCALTIME_R 1
| /* end confdefs.h.  */
| /* Define strchrnul to an innocuous variant, in case <limits.h> declares strchrnul.
|    For example, HP-UX 11i <limits.h> declares gettimeofday.  */
| #define strchrnul innocuous_strchrnul
| 
| /* System header to define __stub macros and hopefully few prototypes,
|    which can conflict with char strchrnul (); below.  */
| 
| #include <limits.h>
| #undef strchrnul
| 
| /* Override any GCC internal prototype to avoid an error.
|    Use char because int might match the return type of a GCC
|    builtin and then its argument prototype would still apply.  */
| #ifdef __cplusplus
| extern "C"
| #endif
| char strchrnul ();
| /* The GNU C library defines this for functions which it implements
|     to always fail with ENOSYS.  Some functions are actually named
|     something starting with __ and the normal name is an alias.  */
| #if defined __stub_strchrnul || defined __stub___strchrnul
| choke me
| #endif
| 
| int
| main (void)
| {
| return strchrnul ();
|   ;
|   return 0;
| }
configure:12190: result: no
configure:12196: checking for usleep
configure:12196: gcc -o conftest -g -O2   conftest.c  >&5
configure:12196: $? = 0
configure:12196: result: yes
configure:12202: checking for utime
configure:12202: gcc -o conftest -g -O2   conftest.c  >&5
configure:12202: $? = 0
configure:12202: result: yes
configure:12208: checking for pread
configure:12208: gcc -o conftest -g -O2   conftest.c  >&5
configure:12208: $? = 0
configure:12208: result: yes
configure:12214: checking for pread64
configure:12214: gcc -o conftest -g -O2   conftest.c  >&5
Undefined symbols for architecture arm64:
  "_pread64", referenced from:
      _main in conftest-5b17ad.o
ld: symbol(s) not found for architecture arm64
clang: error: linker command failed with exit code 1 (use -v to see invocation)
configure:12214: $? = 1
configure: failed program was:
| /* confdefs.h */
| #define PACKAGE_NAME "sqlcipher"
| #define PACKAGE_TARNAME "sqlcipher"
| #define PACKAGE_VERSION "3.44.2"
| #define PACKAGE_STRING "sqlcipher 3.44.2"
| #define PACKAGE_BUGREPORT ""
| #define PACKAGE_URL ""
| #define HAVE_STDIO_H 1
| #define HAVE_STDLIB_H 1
| #define HAVE_STRING_H 1
| #define HAVE_INTTYPES_H 1
| #define HAVE_STDINT_H 1
| #define HAVE_STRINGS_H 1
| #define HAVE_SYS_STAT_H 1
| #define HAVE_SYS_TYPES_H 1
| #define HAVE_UNISTD_H 1
| #define STDC_HEADERS 1
| #define HAVE_DLFCN_H 1
| #define LT_OBJDIR ".libs/"
| #define HAVE_INT8_T 1
| #define HAVE_INT16_T 1
| #define HAVE_INT32_T 1
| #define HAVE_INT64_T 1
| #define HAVE_INTPTR_T 1
| #define HAVE_UINT8_T 1
| #define HAVE_UINT16_T 1
| #define HAVE_UINT32_T 1
| #define HAVE_UINT64_T 1
| #define HAVE_UINTPTR_T 1
| #define HAVE_SYS_TYPES_H 1
| #define HAVE_STDLIB_H 1
| #define HAVE_STDINT_H 1
| #define HAVE_INTTYPES_H 1
| #define HAVE_FDATASYNC 1
| #define HAVE_GMTIME_R 1
| #define HAVE_ISNAN 1
| #define HAVE_LOCALTIME_R 1
| #define HAVE_USLEEP 1
| #define HAVE_UTIME 1
| #define HAVE_PREAD 1
| /* end confdefs.h.  */
| /* Define pread64 to an innocuous variant, in case <limits.h> declares pread64.
|    For example, HP-UX 11i <limits.h> declares gettimeofday.  */
| #define pread64 innocuous_pread64
| 
| /* System header to define __stub macros and hopefully few prototypes,
|    which can conflict with char pread64 (); below.  */
| 
| #include <limits.h>
| #undef pread64
| 
| /* Override any GCC internal prototype to avoid an error.
|    Use char because int might match the return type of a GCC
|    builtin and then its argument prototype would still apply.  */
| #ifdef __cplusplus
| extern "C"
| #endif
| char pread64 ();
| /* The GNU C library defines this for functions which it implements
|     to always fail with ENOSYS.  Some functions are actually named
|     something starting with __ and the normal name is an alias.  */
| #if defined __stub_pread64 || defined __stub___pread64
| choke me
| #endif
| 
| int
| main (void)
| {
| return pread64 ();
|   ;
|   return 0;
| }
configure:12214: result: no
configure:12220: checking for pwrite
configure:12220: gcc -o conftest -g -O2   conftest.c  >&5
configure:12220: $? = 0
configure:12220: result: yes
configure:12226: checking for pwrite64
configure:12226: gcc -o conftest -g -O2   conftest.c  >&5
Undefined symbols for architecture arm64:
  "_pwrite64", referenced from:
      _main in conftest-5913c3.o
ld: symbol(s) not found for architecture arm64
clang: error: linker command failed with exit code 1 (use -v to see invocation)
configure:12226: $? = 1
configure: failed program was:
| /* confdefs.h */
| #define PACKAGE_NAME "sqlcipher"
| #define PACKAGE_TARNAME "sqlcipher"
| #define PACKAGE_VERSION "3.44.2"
| #define PACKAGE_STRING "sqlcipher 3.44.2"
| #define PACKAGE_BUGREPORT ""
| #define PACKAGE_URL ""
| #define HAVE_STDIO_H 1
| #define HAVE_STDLIB_H 1
| #define HAVE_STRING_H 1
| #define HAVE_INTTYPES_H 1
| #define HAVE_STDINT_H 1
| #define HAVE_STRINGS_H 1
| #define HAVE_SYS_STAT_H 1
| #define HAVE_SYS_TYPES_H 1
| #define HAVE_UNISTD_H 1
| #define STDC_HEADERS 1
| #define HAVE_DLFCN_H 1
| #define LT_OBJDIR ".libs/"
| #define HAVE_INT8_T 1
| #define HAVE_INT16_T 1
| #define HAVE_INT32_T 1
| #define HAVE_INT64_T 1
| #define HAVE_INTPTR_T 1
| #define HAVE_UINT8_T 1
| #define HAVE_UINT16_T 1
| #define HAVE_UINT32_T 1
| #define HAVE_UINT64_T 1
| #define HAVE_UINTPTR_T 1
| #define HAVE_SYS_TYPES_H 1
| #define HAVE_STDLIB_H 1
| #define HAVE_STDINT_H 1
| #define HAVE_INTTYPES_H 1
| #define HAVE_FDATASYNC 1
| #define HAVE_GMTIME_R 1
| #define HAVE_ISNAN 1
| #define HAVE_LOCALTIME_R 1
| #define HAVE_USLEEP 1
| #define HAVE_UTIME 1
| #define HAVE_PREAD 1
| #define HAVE_PWRITE 1
| /* end confdefs.h.  */
| /* Define pwrite64 to an innocuous variant, in case <limits.h> declares pwrite64.
|    For example, HP-UX 11i <limits.h> declares gettimeofday.  */
| #define pwrite64 innocuous_pwrite64
| 
| /* System header to define __stub macros and hopefully few prototypes,
|    which can conflict with char pwrite64 (); below.  */
| 
| #include <limits.h>
| #undef pwrite64
| 
| /* Override any GCC internal prototype to avoid an error.
|    Use char because int might match the return type of a GCC
|    builtin and then its argument prototype would still apply.  */
| #ifdef __cplusplus
| extern "C"
| #endif
| char pwrite64 ();
| /* The GNU C library defines this for functions which it implements
|     to always fail with ENOSYS.  Some functions are actually named
|     something starting with __ and the normal name is an alias.  */
| #if defined __stub_pwrite64 || defined __stub___pwrite64
| choke me
| #endif
| 
| int
| main (void)
| {
| return pwrite64 ();
|   ;
|   return 0;
| }
configure:12226: result: no
configure:12248: checking for tclsh8.7
configure:12283: result: no
configure:12248: checking for tclsh8.6
configure:12283: result: no
configure:12248: checking for tclsh8.5
configure:12269: found /usr/bin/tclsh8.5
configure:12280: result: tclsh8.5
configure:12322: Version set to 3.44
configure:12326: Release set to 3.44.2
configure:12342: checking for WASI SDK directory
configure:12365: result: no
configure:12466: checking whether to support threadsafe operation
configure:12474: result: yes
configure:12480: checking for library containing pthread_create
configure:12510: gcc -o conftest -g -O2   conftest.c  >&5
configure:12510: $? = 0
configure:12530: result: none required
configure:12539: checking for library containing pthread_mutexattr_init
configure:12569: gcc -o conftest -g -O2   conftest.c  >&5
configure:12569: $? = 0
configure:12589: result: none required
configure:12610: checking for crypto library to use
configure:12726: result: openssl
configure:12728: checking for HMAC_Init_ex in -lcrypto
configure:12751: gcc -o conftest -g -O2 -DSQLCIPHER_CRYPTO_OPENSSL   conftest.c -lcrypto   >&5
ld: library 'crypto' not found
clang: error: linker command failed with exit code 1 (use -v to see invocation)
configure:12751: $? = 1
configure: failed program was:
| /* confdefs.h */
| #define PACKAGE_NAME "sqlcipher"
| #define PACKAGE_TARNAME "sqlcipher"
| #define PACKAGE_VERSION "3.44.2"
| #define PACKAGE_STRING "sqlcipher 3.44.2"
| #define PACKAGE_BUGREPORT ""
| #define PACKAGE_URL ""
| #define HAVE_STDIO_H 1
| #define HAVE_STDLIB_H 1
| #define HAVE_STRING_H 1
| #define HAVE_INTTYPES_H 1
| #define HAVE_STDINT_H 1
| #define HAVE_STRINGS_H 1
| #define HAVE_SYS_STAT_H 1
| #define HAVE_SYS_TYPES_H 1
| #define HAVE_UNISTD_H 1
| #define STDC_HEADERS 1
| #define HAVE_DLFCN_H 1
| #define LT_OBJDIR ".libs/"
| #define HAVE_INT8_T 1
| #define HAVE_INT16_T 1
| #define HAVE_INT32_T 1
| #define HAVE_INT64_T 1
| #define HAVE_INTPTR_T 1
| #define HAVE_UINT8_T 1
| #define HAVE_UINT16_T 1
| #define HAVE_UINT32_T 1
| #define HAVE_UINT64_T 1
| #define HAVE_UINTPTR_T 1
| #define HAVE_SYS_TYPES_H 1
| #define HAVE_STDLIB_H 1
| #define HAVE_STDINT_H 1
| #define HAVE_INTTYPES_H 1
| #define HAVE_FDATASYNC 1
| #define HAVE_GMTIME_R 1
| #define HAVE_ISNAN 1
| #define HAVE_LOCALTIME_R 1
| #define HAVE_USLEEP 1
| #define HAVE_UTIME 1
| #define HAVE_PREAD 1
| #define HAVE_PWRITE 1
| /* end confdefs.h.  */
| 
| /* Override any GCC internal prototype to avoid an error.
|    Use char because int might match the return type of a GCC
|    builtin and then its argument prototype would still apply.  */
| char HMAC_Init_ex ();
| int
| main (void)
| {
| return HMAC_Init_ex ();
|   ;
|   return 0;
| }
configure:12761: result: no
configure:12770: error: Library crypto not found. Install openssl!"

## ---------------- ##
## Cache variables. ##
## ---------------- ##

ac_cv_build=arm-apple-darwin23.4.0
ac_cv_c_compiler_gnu=yes
ac_cv_env_CC_set=
ac_cv_env_CC_value=
ac_cv_env_CFLAGS_set=
ac_cv_env_CFLAGS_value=
ac_cv_env_CPPFLAGS_set=
ac_cv_env_CPPFLAGS_value=
ac_cv_env_LDFLAGS_set=
ac_cv_env_LDFLAGS_value=
ac_cv_env_LIBS_set=
ac_cv_env_LIBS_value=
ac_cv_env_LT_SYS_LIBRARY_PATH_set=
ac_cv_env_LT_SYS_LIBRARY_PATH_value=
ac_cv_env_TCLLIBDIR_set=
ac_cv_env_TCLLIBDIR_value=
ac_cv_env_amalgamation_line_macros_set=
ac_cv_env_amalgamation_line_macros_value=
ac_cv_env_build_alias_set=
ac_cv_env_build_alias_value=
ac_cv_env_host_alias_set=
ac_cv_env_host_alias_value=
ac_cv_env_target_alias_set=
ac_cv_env_target_alias_value=
ac_cv_func_fdatasync=yes
ac_cv_func_gmtime_r=yes
ac_cv_func_isnan=yes
ac_cv_func_localtime_r=yes
ac_cv_func_localtime_s=no
ac_cv_func_malloc_usable_size=no
ac_cv_func_pread64=no
ac_cv_func_pread=yes
ac_cv_func_pwrite64=no
ac_cv_func_pwrite=yes
ac_cv_func_strchrnul=no
ac_cv_func_usleep=yes
ac_cv_func_utime=yes
ac_cv_header_dlfcn_h=yes
ac_cv_header_inttypes_h=yes
ac_cv_header_malloc_h=no
ac_cv_header_stdint_h=yes
ac_cv_header_stdio_h=yes
ac_cv_header_stdlib_h=yes
ac_cv_header_string_h=yes
ac_cv_header_strings_h=yes
ac_cv_header_sys_stat_h=yes
ac_cv_header_sys_types_h=yes
ac_cv_header_unistd_h=yes
ac_cv_host=arm-apple-darwin23.4.0
ac_cv_lib_crypto_HMAC_Init_ex=no
ac_cv_objext=o
ac_cv_path_EGREP='/usr/bin/grep -E'
ac_cv_path_FGREP='/usr/bin/grep -F'
ac_cv_path_GREP=/usr/bin/grep
ac_cv_path_SED=/usr/bin/sed
ac_cv_path_install='/usr/bin/install -c'
ac_cv_path_lt_DD=/bin/dd
ac_cv_prog_AWK=awk
ac_cv_prog_TCLSH_CMD=tclsh8.5
ac_cv_prog_ac_ct_AR=ar
ac_cv_prog_ac_ct_CC=gcc
ac_cv_prog_ac_ct_DSYMUTIL=dsymutil
ac_cv_prog_ac_ct_LIPO=lipo
ac_cv_prog_ac_ct_NMEDIT=nmedit
ac_cv_prog_ac_ct_OBJDUMP=objdump
ac_cv_prog_ac_ct_OTOOL=otool
ac_cv_prog_ac_ct_RANLIB=ranlib
ac_cv_prog_ac_ct_STRIP=strip
ac_cv_prog_cc_c11=
ac_cv_prog_cc_g=yes
ac_cv_prog_cc_stdc=
ac_cv_search_pthread_create='none required'
ac_cv_search_pthread_mutexattr_init='none required'
ac_cv_sys_file_offset_bits=no
ac_cv_sys_largefile_CC=no
ac_cv_type_int16_t=yes
ac_cv_type_int32_t=yes
ac_cv_type_int64_t=yes
ac_cv_type_int8_t=yes
ac_cv_type_intptr_t=yes
ac_cv_type_uint16_t=yes
ac_cv_type_uint32_t=yes
ac_cv_type_uint64_t=yes
ac_cv_type_uint8_t=yes
ac_cv_type_uintptr_t=yes
lt_cv_apple_cc_single_mod=no
lt_cv_ar_at_file=no
lt_cv_deplibs_check_method=pass_all
lt_cv_file_magic_cmd='$MAGIC_CMD'
lt_cv_file_magic_test_file=
lt_cv_ld_exported_symbols_list=yes
lt_cv_ld_force_load=yes
lt_cv_ld_reload_flag=-r
lt_cv_nm_interface='BSD nm'
lt_cv_objdir=.libs
lt_cv_path_LD=/Applications/Xcode.app/Contents/Developer/Toolchains/XcodeDefault.xctoolchain/usr/bin/ld
lt_cv_path_NM='/usr/bin/nm -B'
lt_cv_path_mainfest_tool=no
lt_cv_prog_compiler_c_o=yes
lt_cv_prog_compiler_pic='-fno-common -DPIC'
lt_cv_prog_compiler_pic_works=yes
lt_cv_prog_compiler_rtti_exceptions=yes
lt_cv_prog_compiler_static_works=no
lt_cv_prog_gnu_ld=no
lt_cv_sharedlib_from_linklib_cmd='printf %s\n'
lt_cv_sys_global_symbol_pipe='sed -n -e '\''s/^.*[	 ]\([ABCDGIRSTW][ABCDGIRSTW]*\)[	 ][	 ]*_\([_A-Za-z][_A-Za-z0-9]*\)$/\1 _\2 \2/p'\'' | sed '\''/ __gnu_lto/d'\'''
lt_cv_sys_global_symbol_to_c_name_address='sed -n -e '\''s/^: \(.*\) .*$/  {"\1", (void *) 0},/p'\'' -e '\''s/^[ABCDGIRSTW][ABCDGIRSTW]* .* \(.*\)$/  {"\1", (void *) \&\1},/p'\'''
lt_cv_sys_global_symbol_to_c_name_address_lib_prefix='sed -n -e '\''s/^: \(.*\) .*$/  {"\1", (void *) 0},/p'\'' -e '\''s/^[ABCDGIRSTW][ABCDGIRSTW]* .* \(lib.*\)$/  {"\1", (void *) \&\1},/p'\'' -e '\''s/^[ABCDGIRSTW][ABCDGIRSTW]* .* \(.*\)$/  {"lib\1", (void *) \&\1},/p'\'''
lt_cv_sys_global_symbol_to_cdecl='sed -n -e '\''s/^T .* \(.*\)$/extern int \1();/p'\'' -e '\''s/^[ABCDGIRSTW][ABCDGIRSTW]* .* \(.*\)$/extern char \1;/p'\'''
lt_cv_sys_global_symbol_to_import=
lt_cv_sys_max_cmd_len=786432
lt_cv_to_host_file_cmd=func_convert_file_noop
lt_cv_to_tool_file_cmd=func_convert_file_noop
lt_cv_truncate_bin='/bin/dd bs=4096 count=1'

## ----------------- ##
## Output variables. ##
## ----------------- ##

ALLOWRELEASE=''
AMALGAMATION_LINE_MACROS=''
AR='ar'
AWK='awk'
BUILD_CC='gcc'
BUILD_CFLAGS='-g -O2 -DSQLCIPHER_CRYPTO_OPENSSL'
BUILD_EXEEXT=''
CC='gcc'
CFLAGS='-g -O2 -DSQLCIPHER_CRYPTO_OPENSSL'
CPPFLAGS=''
DEFS=''
DLLTOOL='false'
DSYMUTIL='dsymutil'
DUMPBIN=''
ECHO_C='\c'
ECHO_N=''
ECHO_T=''
EGREP='/usr/bin/grep -E'
EXEEXT=''
FGREP='/usr/bin/grep -F'
GREP='/usr/bin/grep'
HAVE_TCL=''
HAVE_WASI_SDK=''
HAVE_ZLIB=''
INSTALL_DATA='${INSTALL} -m 644'
INSTALL_PROGRAM='${INSTALL}'
INSTALL_SCRIPT='${INSTALL}'
LD='/Applications/Xcode.app/Contents/Developer/Toolchains/XcodeDefault.xctoolchain/usr/bin/ld'
LDFLAGS=''
LIBOBJS=''
LIBS=''
LIBTOOL='$(SHELL) $(top_builddir)/libtool'
LIPO='lipo'
LN_S='ln -s'
LTLIBOBJS=''
LT_SYS_LIBRARY_PATH=''
MANIFEST_TOOL=':'
NM='/usr/bin/nm -B'
NMEDIT='nmedit'
OBJDUMP='objdump'
OBJEXT='o'
OPT_FEATURE_FLAGS=''
OTOOL64=':'
OTOOL='otool'
PACKAGE_BUGREPORT=''
PACKAGE_NAME='sqlcipher'
PACKAGE_STRING='sqlcipher 3.44.2'
PACKAGE_TARNAME='sqlcipher'
PACKAGE_URL=''
PACKAGE_VERSION='3.44.2'
PATH_SEPARATOR=':'
RANLIB='ranlib'
RELEASE='3.44.2'
SED='/usr/bin/sed'
SHELL='/bin/sh'
SQLITE_OS_UNIX=''
SQLITE_OS_WIN=''
SQLITE_THREADSAFE='1'
STRIP='strip'
TARGET_DEBUG=''
TARGET_EXEEXT=''
TARGET_HAVE_EDITLINE=''
TARGET_HAVE_LINENOISE=''
TARGET_HAVE_READLINE=''
TARGET_READLINE_INC=''
TARGET_READLINE_LIBS=''
TCLLIBDIR='/System/Library/Frameworks/Tcl.framework/Versions/8.5/Resources/Scripts/sqlite3'
TCLSH_CMD='tclsh8.5'
TCL_BIN_DIR=''
TCL_INCLUDE_SPEC=''
TCL_LIB_FILE=''
TCL_LIB_FLAG=''
TCL_LIB_SPEC=''
TCL_SHLIB_SUFFIX=''
TCL_SRC_DIR=''
TCL_STUB_LIB_FILE=''
TCL_STUB_LIB_FLAG=''
TCL_STUB_LIB_SPEC=''
TCL_VERSION=''
TEMP_STORE=''
USE_AMALGAMATION='1'
USE_GCOV=''
VERSION='3.44'
XTHREADCONNECT=''
ac_ct_AR='ar'
ac_ct_CC='gcc'
ac_ct_DUMPBIN=''
amalgamation_line_macros=''
bindir='${exec_prefix}/bin'
build='arm-apple-darwin23.4.0'
build_alias=''
build_cpu='arm'
build_os='darwin23.4.0'
build_vendor='apple'
datadir='${datarootdir}'
datarootdir='${prefix}/share'
docdir='${datarootdir}/doc/${PACKAGE_TARNAME}'
dvidir='${docdir}'
exec_prefix='NONE'
host='arm-apple-darwin23.4.0'
host_alias=''
host_cpu='arm'
host_os='darwin23.4.0'
host_vendor='apple'
htmldir='${docdir}'
includedir='${prefix}/include'
infodir='${datarootdir}/info'
libdir='${exec_prefix}/lib'
libexecdir='${exec_prefix}/libexec'
localedir='${datarootdir}/locale'
localstatedir='${prefix}/var'
mandir='${datarootdir}/man'
oldincludedir='/usr/include'
pdfdir='${docdir}'
prefix='NONE'
program_prefix=''
program_transform_name='s,x,x,'
psdir='${docdir}'
runstatedir='${localstatedir}/run'
sbindir='${exec_prefix}/sbin'
sharedstatedir='${prefix}/com'
sysconfdir='${prefix}/etc'
target_alias=''

## ----------- ##
## confdefs.h. ##
## ----------- ##

/* confdefs.h */
#define PACKAGE_NAME "sqlcipher"
#define PACKAGE_TARNAME "sqlcipher"
#define PACKAGE_VERSION "3.44.2"
#define PACKAGE_STRING "sqlcipher 3.44.2"
#define PACKAGE_BUGREPORT ""
#define PACKAGE_URL ""
#define HAVE_STDIO_H 1
#define HAVE_STDLIB_H 1
#define HAVE_STRING_H 1
#define HAVE_INTTYPES_H 1
#define HAVE_STDINT_H 1
#define HAVE_STRINGS_H 1
#define HAVE_SYS_STAT_H 1
#define HAVE_SYS_TYPES_H 1
#define HAVE_UNISTD_H 1
#define STDC_HEADERS 1
#define HAVE_DLFCN_H 1
#define LT_OBJDIR ".libs/"
#define HAVE_INT8_T 1
#define HAVE_INT16_T 1
#define HAVE_INT32_T 1
#define HAVE_INT64_T 1
#define HAVE_INTPTR_T 1
#define HAVE_UINT8_T 1
#define HAVE_UINT16_T 1
#define HAVE_UINT32_T 1
#define HAVE_UINT64_T 1
#define HAVE_UINTPTR_T 1
#define HAVE_SYS_TYPES_H 1
#define HAVE_STDLIB_H 1
#define HAVE_STDINT_H 1
#define HAVE_INTTYPES_H 1
#define HAVE_FDATASYNC 1
#define HAVE_GMTIME_R 1
#define HAVE_ISNAN 1
#define HAVE_LOCALTIME_R 1
#define HAVE_USLEEP 1
#define HAVE_UTIME 1
#define HAVE_PREAD 1
#define HAVE_PWRITE 1

configure: exit 1
